#
# A fatal error has been detected by the Java Runtime Environment:
#
#  EXCEPTION_ACCESS_VIOLATION (0xc0000005) at pc=0x0000000010014ed4, pid=1748, tid=0x00000000000021cc
#
# JRE version: Java(TM) SE Runtime Environment (8.0_271-b09) (build 1.8.0_271-b09)
# Java VM: Java HotSpot(TM) 64-Bit Server VM (25.271-b09 mixed mode windows-amd64 compressed oops)
# Problematic frame:
# C  [sigar-amd64-winnt.dll+0x14ed4]
#
# Failed to write core dump. Minidumps are not enabled by default on client versions of Windows
#
# If you would like to submit a bug report, please visit:
#   http://bugreport.java.com/bugreport/crash.jsp
# The crash happened outside the Java Virtual Machine in native code.
# See problematic frame for where to report the bug.
#

---------------  T H R E A D  ---------------

Current thread (0x0000023579fcc800):  JavaThread "OfficeProcessThread-0" daemon [_thread_in_native, id=8652, stack(0x0000007184f00000,0x0000007185000000)]

siginfo: ExceptionCode=0xc0000005, reading address 0x000000007a1e0d88

Registers:
RAX=0x000000007a1e0c50, RBX=0x00000235785d3f18, RCX=0x0000023579fcc9f8, RDX=0x0000007184fff178
RSP=0x0000007184ffeff0, RBP=0x0000007184fff158, RSI=0x000002357824bad0, RDI=0x00000000000015f8
R8 =0x0000000000000032, R9 =0x00000000d66af1a8, R10=0x0000000000000004, R11=0x00000000678f9a4c
R12=0x0000000000000000, R13=0x00000235785d3f10, R14=0x0000007184fff180, R15=0x0000023579fcc800
RIP=0x0000000010014ed4, EFLAGS=0x0000000000010206

Top of Stack: (sp=0x0000007184ffeff0)
0x0000007184ffeff0:   0000023579fcc9f8 0000007184fff178
0x0000007184fff000:   0000007184fff158 000002357824bad0
0x0000007184fff010:   000000007a1e0c50 0000000000000032
0x0000007184fff020:   00000235785d3f18 0000000010027721
0x0000007184fff030:   0000023579fcc9f8 0000007184fff178
0x0000007184fff040:   0000007184fff158 00000000671e32cb
0x0000007184fff050:   0000007184fff080 0000000000000000
0x0000007184fff060:   0000023579fcc800 0000023579d04770
0x0000007184fff070:   000000007a1e1330 0000023579fcc800
0x0000007184fff080:   00000235785d3f18 0000023579fcc800
0x0000007184fff090:   00000000000015f8 000002357824bad0
0x0000007184fff0a0:   00000235785d3f18 0000023500019da6
0x0000007184fff0b0:   0000000000000000 00000235785d3f18
0x0000007184fff0c0:   00000235785d3f18 00000235785d3f18
0x0000007184fff0d0:   0000007184fff158 0000023500019f4e
0x0000007184fff0e0:   0000023579fcc9f8 0000007184fff180 

Instructions: (pc=0x0000000010014ed4)
0x0000000010014eb4:   7c 24 20 00 75 15 48 8d 15 df 58 04 00 48 8b 4c
0x0000000010014ec4:   24 40 e8 45 00 00 00 33 c0 eb 32 48 8b 44 24 20
0x0000000010014ed4:   83 b8 38 01 00 00 00 74 1f 48 8b 44 24 20 44 8b
0x0000000010014ee4:   80 38 01 00 00 48 8b 54 24 20 48 8b 4c 24 40 e8 


Register to memory mapping:

RAX=0x000000007a1e0c50 is an unknown value
RBX={method} {0x00000235785d3f20} 'find' '(Lorg/hyperic/sigar/Sigar;)[J' in 'org/hyperic/sigar/ptql/SigarProcessQuery'
RCX=0x0000023579fcc9f8 is an unknown value
RDX=0x0000007184fff178 is pointing into the stack for thread: 0x0000023579fcc800
RSP=0x0000007184ffeff0 is pointing into the stack for thread: 0x0000023579fcc800
RBP=0x0000007184fff158 is pointing into the stack for thread: 0x0000023579fcc800
RSI={method} {0x000002357824bad8} 'afterNodeInsertion' '(Z)V' in 'java/util/HashMap'
RDI=0x00000000000015f8 is an unknown value
R8 =0x0000000000000032 is an unknown value
R9 =0x00000000d66af1a8 is an oop
org.hyperic.sigar.Sigar 
 - klass: 'org/hyperic/sigar/Sigar'
R10=0x0000000000000004 is an unknown value
R11=0x00000000678f9a4c is an unknown value
R12=0x0000000000000000 is an unknown value
R13=0x00000235785d3f10 is pointing into metadata
R14=0x0000007184fff180 is pointing into the stack for thread: 0x0000023579fcc800
R15=0x0000023579fcc800 is a thread


Stack: [0x0000007184f00000,0x0000007185000000],  sp=0x0000007184ffeff0,  free space=1019k
Native frames: (J=compiled Java code, j=interpreted, Vv=VM code, C=native code)
C  [sigar-amd64-winnt.dll+0x14ed4]
C  [sigar-amd64-winnt.dll+0x27721]
C  0x0000023500019f4e

Java frames: (J=compiled Java code, j=interpreted, Vv=VM code)
j  org.hyperic.sigar.ptql.SigarProcessQuery.find(Lorg/hyperic/sigar/Sigar;)[J+0
j  org.hyperic.sigar.ptql.ProcessFinder.find(Lorg/hyperic/sigar/ptql/ProcessQuery;)[J+5
j  org.hyperic.sigar.ptql.ProcessFinder.find(Ljava/lang/String;)[J+9
j  org.hyperic.sigar.ptql.ProcessFinder.find(Lorg/hyperic/sigar/Sigar;Ljava/lang/String;)[J+9
j  org.artofsolving.jodconverter.process.SigarProcessManager.findPid(Lorg/artofsolving/jodconverter/process/ProcessQuery;)J+31
j  org.artofsolving.jodconverter.office.OfficeProcess.start(Z)V+22
j  org.artofsolving.jodconverter.office.OfficeProcess.start()V+2
j  org.artofsolving.jodconverter.office.ManagedOfficeProcess.doStartProcessAndConnect()V+4
j  org.artofsolving.jodconverter.office.ManagedOfficeProcess.access$000(Lorg/artofsolving/jodconverter/office/ManagedOfficeProcess;)V+1
j  org.artofsolving.jodconverter.office.ManagedOfficeProcess$1.run()V+4
j  java.util.concurrent.Executors$RunnableAdapter.call()Ljava/lang/Object;+4
j  java.util.concurrent.FutureTask.run()V+42
j  java.util.concurrent.ThreadPoolExecutor.runWorker(Ljava/util/concurrent/ThreadPoolExecutor$Worker;)V+95
j  java.util.concurrent.ThreadPoolExecutor$Worker.run()V+5
j  java.lang.Thread.run()V+11
v  ~StubRoutines::call_stub

---------------  P R O C E S S  ---------------

Java Threads: ( => current thread )
=>0x0000023579fcc800 JavaThread "OfficeProcessThread-0" daemon [_thread_in_native, id=8652, stack(0x0000007184f00000,0x0000007185000000)]
  0x0000023579d77000 JavaThread "Service Thread" daemon [_thread_blocked, id=13608, stack(0x0000007184d00000,0x0000007184e00000)]
  0x0000023579d41800 JavaThread "C1 CompilerThread2" daemon [_thread_blocked, id=8560, stack(0x0000007184c00000,0x0000007184d00000)]
  0x00000235792cc000 JavaThread "C2 CompilerThread1" daemon [_thread_blocked, id=9112, stack(0x0000007184b00000,0x0000007184c00000)]
  0x00000235792c8000 JavaThread "C2 CompilerThread0" daemon [_thread_blocked, id=11972, stack(0x0000007184a00000,0x0000007184b00000)]
  0x00000235792c6800 JavaThread "Monitor Ctrl-Break" daemon [_thread_in_native, id=13712, stack(0x0000007184900000,0x0000007184a00000)]
  0x00000235791d0800 JavaThread "Attach Listener" daemon [_thread_blocked, id=10172, stack(0x0000007184800000,0x0000007184900000)]
  0x0000023579227000 JavaThread "Signal Dispatcher" daemon [_thread_blocked, id=8, stack(0x0000007184700000,0x0000007184800000)]
  0x000002357919a000 JavaThread "Finalizer" daemon [_thread_blocked, id=16164, stack(0x0000007184600000,0x0000007184700000)]
  0x0000023578a5e000 JavaThread "Reference Handler" daemon [_thread_blocked, id=15520, stack(0x0000007184500000,0x0000007184600000)]
  0x0000023571ab6800 JavaThread "main" [_thread_blocked, id=3084, stack(0x0000007183f00000,0x0000007184000000)]

Other Threads:
  0x0000023579172000 VMThread [stack: 0x0000007184400000,0x0000007184500000] [id=8692]
  0x0000023579da2000 WatcherThread [stack: 0x0000007184e00000,0x0000007184f00000] [id=13780]

VM state:not at safepoint (normal execution)

VM Mutex/Monitor currently owned by a thread: None

heap address: 0x0000000082000000, size: 2016 MB, Compressed Oops mode: 32-bit
Narrow klass base: 0x0000000000000000, Narrow klass shift: 3
Compressed class space size: 1073741824 Address: 0x0000000100000000

Heap:
 PSYoungGen      total 37888K, used 7230K [0x00000000d6000000, 0x00000000d8a00000, 0x0000000100000000)
  eden space 32768K, 22% used [0x00000000d6000000,0x00000000d670fac0,0x00000000d8000000)
  from space 5120K, 0% used [0x00000000d8500000,0x00000000d8500000,0x00000000d8a00000)
  to   space 5120K, 0% used [0x00000000d8000000,0x00000000d8000000,0x00000000d8500000)
 ParOldGen       total 86016K, used 0K [0x0000000082000000, 0x0000000087400000, 0x00000000d6000000)
  object space 86016K, 0% used [0x0000000082000000,0x0000000082000000,0x0000000087400000)
 Metaspace       used 5070K, capacity 5212K, committed 5248K, reserved 1056768K
  class space    used 573K, capacity 628K, committed 640K, reserved 1048576K

Card table byte_map: [0x00000235737a0000,0x0000023573ba0000] byte_map_base: 0x0000023573390000

Marking Bits: (ParMarkBitMap*) 0x0000000067907fe0
 Begin Bits: [0x0000023573e40000, 0x0000023575dc0000)
 End Bits:   [0x0000023575dc0000, 0x0000023577d40000)

Polling page: 0x0000023571a40000

CodeCache: size=245760Kb used=1584Kb max_used=1596Kb free=244175Kb
 bounds [0x0000023500000000, 0x0000023500270000, 0x000002350f000000]
 total_blobs=483 nmethods=200 adapters=196
 compilation: enabled

Compilation events (10 events):
Event: 0.573 Thread 0x0000023579d41800 nmethod 195 0x000002350018b590 code [0x000002350018b720, 0x000002350018bbb0]
Event: 0.578 Thread 0x0000023579d41800  196       3       java.lang.ref.SoftReference::get (29 bytes)
Event: 0.578 Thread 0x0000023579d41800 nmethod 196 0x0000023500185850 code [0x00000235001859a0, 0x0000023500185b98]
Event: 0.579 Thread 0x0000023579d41800  197       3       java.net.URLStreamHandler::setURL (73 bytes)
Event: 0.580 Thread 0x0000023579d41800 nmethod 197 0x0000023500189e50 code [0x000002350018a080, 0x000002350018aee0]
Event: 0.580 Thread 0x00000235792cc000  200       4       java.lang.String::replace (127 bytes)
Event: 0.580 Thread 0x0000023579d41800  198   !   3       java.net.URL::set (114 bytes)
Event: 0.580 Thread 0x0000023579d41800 nmethod 198 0x000002350018bcd0 code [0x000002350018bec0, 0x000002350018ca00]
Event: 0.580 Thread 0x0000023579d41800  199       3       java.lang.String::<init> (15 bytes)
Event: 0.580 Thread 0x0000023579d41800 nmethod 199 0x0000023500189710 code [0x00000235001898a0, 0x0000023500189c90]

GC Heap History (0 events):
No events

Deoptimization events (1 events):
Event: 0.535 Thread 0x0000023571ab6800 Uncommon trap: reason=unstable_if action=reinterpret pc=0x000002350012e3c0 method=java.lang.CharacterData.of(I)Ljava/lang/CharacterData; @ 4

Classes redefined (0 events):
No events

Internal exceptions (10 events):
Event: 0.122 Thread 0x0000023571ab6800 Exception <a 'java/security/PrivilegedActionException'> (0x00000000d611eee0) thrown at [C:\jenkins\workspace\8-2-build-windows-amd64-cygwin\jdk8u271\605\hotspot\src\share\vm\prims\jvm.cpp, line 1512]
Event: 0.122 Thread 0x0000023571ab6800 Exception <a 'java/security/PrivilegedActionException'> (0x00000000d611f0f0) thrown at [C:\jenkins\workspace\8-2-build-windows-amd64-cygwin\jdk8u271\605\hotspot\src\share\vm\prims\jvm.cpp, line 1512]
Event: 0.124 Thread 0x0000023571ab6800 Exception <a 'java/security/PrivilegedActionException'> (0x00000000d6128618) thrown at [C:\jenkins\workspace\8-2-build-windows-amd64-cygwin\jdk8u271\605\hotspot\src\share\vm\prims\jvm.cpp, line 1512]
Event: 0.124 Thread 0x0000023571ab6800 Exception <a 'java/security/PrivilegedActionException'> (0x00000000d6128828) thrown at [C:\jenkins\workspace\8-2-build-windows-amd64-cygwin\jdk8u271\605\hotspot\src\share\vm\prims\jvm.cpp, line 1512]
Event: 0.124 Thread 0x0000023571ab6800 Exception <a 'java/security/PrivilegedActionException'> (0x00000000d6129840) thrown at [C:\jenkins\workspace\8-2-build-windows-amd64-cygwin\jdk8u271\605\hotspot\src\share\vm\prims\jvm.cpp, line 1512]
Event: 0.124 Thread 0x0000023571ab6800 Exception <a 'java/security/PrivilegedActionException'> (0x00000000d6129a50) thrown at [C:\jenkins\workspace\8-2-build-windows-amd64-cygwin\jdk8u271\605\hotspot\src\share\vm\prims\jvm.cpp, line 1512]
Event: 0.529 Thread 0x0000023571ab6800 Exception <a 'java/security/PrivilegedActionException'> (0x00000000d64e1738) thrown at [C:\jenkins\workspace\8-2-build-windows-amd64-cygwin\jdk8u271\605\hotspot\src\share\vm\prims\jvm.cpp, line 1512]
Event: 0.529 Thread 0x0000023571ab6800 Exception <a 'java/security/PrivilegedActionException'> (0x00000000d64e1948) thrown at [C:\jenkins\workspace\8-2-build-windows-amd64-cygwin\jdk8u271\605\hotspot\src\share\vm\prims\jvm.cpp, line 1512]
Event: 0.532 Thread 0x0000023571ab6800 Exception <a 'java/security/PrivilegedActionException'> (0x00000000d64e5a40) thrown at [C:\jenkins\workspace\8-2-build-windows-amd64-cygwin\jdk8u271\605\hotspot\src\share\vm\prims\jvm.cpp, line 1512]
Event: 0.532 Thread 0x0000023571ab6800 Exception <a 'java/security/PrivilegedActionException'> (0x00000000d64e5c50) thrown at [C:\jenkins\workspace\8-2-build-windows-amd64-cygwin\jdk8u271\605\hotspot\src\share\vm\prims\jvm.cpp, line 1512]

Events (10 events):
Event: 0.578 loading class org/hyperic/sigar/ptql/ProcessFinder
Event: 0.578 loading class org/hyperic/sigar/ptql/ProcessFinder done
Event: 0.579 loading class org/hyperic/sigar/ptql/ProcessQueryFactory
Event: 0.579 loading class org/hyperic/sigar/ptql/ProcessQueryFactory done
Event: 0.579 loading class org/hyperic/sigar/ptql/MalformedQueryException
Event: 0.579 loading class org/hyperic/sigar/ptql/MalformedQueryException done
Event: 0.580 loading class org/hyperic/sigar/ptql/ProcessQuery
Event: 0.580 loading class org/hyperic/sigar/ptql/ProcessQuery done
Event: 0.581 loading class org/hyperic/sigar/ptql/SigarProcessQuery
Event: 0.581 loading class org/hyperic/sigar/ptql/SigarProcessQuery done


Dynamic libraries:
0x00007ff7a8870000 - 0x00007ff7a88b7000 	C:\Program Files\Java\jdk1.8.0_271\bin\java.exe
0x00007ff8a8ca0000 - 0x00007ff8a8e90000 	C:\WINDOWS\SYSTEM32\ntdll.dll
0x00007ff8a85c0000 - 0x00007ff8a8672000 	C:\WINDOWS\System32\KERNEL32.DLL
0x00007ff8a6210000 - 0x00007ff8a64b5000 	C:\WINDOWS\System32\KERNELBASE.dll
0x00007ff8a8ba0000 - 0x00007ff8a8c43000 	C:\WINDOWS\System32\ADVAPI32.dll
0x00007ff8a7640000 - 0x00007ff8a76de000 	C:\WINDOWS\System32\msvcrt.dll
0x00007ff8a8b00000 - 0x00007ff8a8b97000 	C:\WINDOWS\System32\sechost.dll
0x00007ff8a6d50000 - 0x00007ff8a6e70000 	C:\WINDOWS\System32\RPCRT4.dll
0x00007ff8a6f50000 - 0x00007ff8a70e4000 	C:\WINDOWS\System32\USER32.dll
0x00007ff8a5ff0000 - 0x00007ff8a6011000 	C:\WINDOWS\System32\win32u.dll
0x00007ff8a8990000 - 0x00007ff8a89b6000 	C:\WINDOWS\System32\GDI32.dll
0x00007ff8a5d20000 - 0x00007ff8a5eb6000 	C:\WINDOWS\System32\gdi32full.dll
0x00007ff8a6020000 - 0x00007ff8a60be000 	C:\WINDOWS\System32\msvcp_win.dll
0x00007ff8a64c0000 - 0x00007ff8a65ba000 	C:\WINDOWS\System32\ucrtbase.dll
0x00007ff8958a0000 - 0x00007ff895b24000 	C:\WINDOWS\WinSxS\amd64_microsoft.windows.common-controls_6595b64144ccf1df_6.0.18362.1198_none_9e820b57e45ad92f\COMCTL32.dll
0x00007ff8a72a0000 - 0x00007ff8a75d5000 	C:\WINDOWS\System32\combase.dll
0x00007ff8a5f10000 - 0x00007ff8a5f90000 	C:\WINDOWS\System32\bcryptPrimitives.dll
0x00007ff8a7800000 - 0x00007ff8a782e000 	C:\WINDOWS\System32\IMM32.DLL
0x00007ff8a1230000 - 0x00007ff8a1245000 	C:\Program Files\Java\jdk1.8.0_271\jre\bin\vcruntime140.dll
0x00007ff896c80000 - 0x00007ff896d1b000 	C:\Program Files\Java\jdk1.8.0_271\jre\bin\msvcp140.dll
0x0000000067110000 - 0x000000006797f000 	C:\Program Files\Java\jdk1.8.0_271\jre\bin\server\jvm.dll
0x00007ff8a6ed0000 - 0x00007ff8a6ed8000 	C:\WINDOWS\System32\PSAPI.DLL
0x00007ff8a11d0000 - 0x00007ff8a11f4000 	C:\WINDOWS\SYSTEM32\WINMM.dll
0x00007ff8902f0000 - 0x00007ff8902f9000 	C:\WINDOWS\SYSTEM32\WSOCK32.dll
0x00007ff8a0340000 - 0x00007ff8a034a000 	C:\WINDOWS\SYSTEM32\VERSION.dll
0x00007ff8a76e0000 - 0x00007ff8a774f000 	C:\WINDOWS\System32\WS2_32.dll
0x00007ff8a11a0000 - 0x00007ff8a11cd000 	C:\WINDOWS\SYSTEM32\winmmbase.dll
0x00007ff8a5cd0000 - 0x00007ff8a5d1a000 	C:\WINDOWS\System32\cfgmgr32.dll
0x00007ff8a5bb0000 - 0x00007ff8a5bc1000 	C:\WINDOWS\System32\kernel.appcore.dll
0x00007ff8a1de0000 - 0x00007ff8a1df0000 	C:\Program Files\Java\jdk1.8.0_271\jre\bin\verify.dll
0x00007ff89e9c0000 - 0x00007ff89e9eb000 	C:\Program Files\Java\jdk1.8.0_271\jre\bin\java.dll
0x00007ff896550000 - 0x00007ff896580000 	C:\Program Files\Java\jdk1.8.0_271\jre\bin\instrument.dll
0x00007ff89e9a0000 - 0x00007ff89e9b8000 	C:\Program Files\Java\jdk1.8.0_271\jre\bin\zip.dll
0x00007ff8a7ed0000 - 0x00007ff8a85b7000 	C:\WINDOWS\System32\SHELL32.dll
0x00007ff8a7750000 - 0x00007ff8a77f9000 	C:\WINDOWS\System32\shcore.dll
0x00007ff8a65c0000 - 0x00007ff8a6d41000 	C:\WINDOWS\System32\windows.storage.dll
0x00007ff8a5b60000 - 0x00007ff8a5b83000 	C:\WINDOWS\System32\profapi.dll
0x00007ff8a5bd0000 - 0x00007ff8a5c1a000 	C:\WINDOWS\System32\powrprof.dll
0x00007ff8a5b50000 - 0x00007ff8a5b60000 	C:\WINDOWS\System32\UMPDC.dll
0x00007ff8a75e0000 - 0x00007ff8a7632000 	C:\WINDOWS\System32\shlwapi.dll
0x00007ff8a5ef0000 - 0x00007ff8a5f07000 	C:\WINDOWS\System32\cryptsp.dll
0x00007ff896620000 - 0x00007ff89663a000 	C:\Program Files\JetBrains\IntelliJ IDEA 2020.2.3\bin\breakgen64.dll
0x00007ff89d930000 - 0x00007ff89d94c000 	C:\Program Files\Java\jdk1.8.0_271\jre\bin\net.dll
0x00007ff8a53a0000 - 0x00007ff8a5407000 	C:\WINDOWS\system32\mswsock.dll
0x0000000010000000 - 0x0000000010070000 	C:\Windows\System32\sigar-amd64-winnt.dll
0x00007ff8a8830000 - 0x00007ff8a8987000 	C:\WINDOWS\System32\ole32.dll
0x00007ff8a8680000 - 0x00007ff8a8745000 	C:\WINDOWS\System32\OLEAUT32.dll
0x00007ff876f10000 - 0x00007ff876f58000 	C:\WINDOWS\SYSTEM32\pdh.dll
0x00007ff88a0b0000 - 0x00007ff88a0c7000 	C:\WINDOWS\SYSTEM32\NETAPI32.dll
0x00007ff8a51c0000 - 0x00007ff8a51cc000 	C:\WINDOWS\SYSTEM32\NETUTILS.DLL
0x00007ff87e300000 - 0x00007ff87e326000 	C:\WINDOWS\SYSTEM32\SRVCLI.DLL
0x00007ff8a4440000 - 0x00007ff8a4634000 	C:\WINDOWS\SYSTEM32\dbghelp.dll

VM Arguments:
jvm_args: -javaagent:C:\Program Files\JetBrains\IntelliJ IDEA 2020.2.3\lib\idea_rt.jar=49651:C:\Program Files\JetBrains\IntelliJ IDEA 2020.2.3\bin -Dfile.encoding=UTF-8 
java_command: org.artofsolving.jodconverter.cli.Convert -o pdf C:/Users/dell/Desktop/¿Î³Ì¿¼ÊÔÓë´ðÒÉ2020.docx C:/Users/dell/Desktop/test
java_class_path (initial): C:\Program Files\Java\jdk1.8.0_271\jre\lib\charsets.jar;C:\Program Files\Java\jdk1.8.0_271\jre\lib\deploy.jar;C:\Program Files\Java\jdk1.8.0_271\jre\lib\ext\access-bridge-64.jar;C:\Program Files\Java\jdk1.8.0_271\jre\lib\ext\cldrdata.jar;C:\Program Files\Java\jdk1.8.0_271\jre\lib\ext\dnsns.jar;C:\Program Files\Java\jdk1.8.0_271\jre\lib\ext\jaccess.jar;C:\Program Files\Java\jdk1.8.0_271\jre\lib\ext\jfxrt.jar;C:\Program Files\Java\jdk1.8.0_271\jre\lib\ext\localedata.jar;C:\Program Files\Java\jdk1.8.0_271\jre\lib\ext\nashorn.jar;C:\Program Files\Java\jdk1.8.0_271\jre\lib\ext\sunec.jar;C:\Program Files\Java\jdk1.8.0_271\jre\lib\ext\sunjce_provider.jar;C:\Program Files\Java\jdk1.8.0_271\jre\lib\ext\sunmscapi.jar;C:\Program Files\Java\jdk1.8.0_271\jre\lib\ext\sunpkcs11.jar;C:\Program Files\Java\jdk1.8.0_271\jre\lib\ext\zipfs.jar;C:\Program Files\Java\jdk1.8.0_271\jre\lib\javaws.jar;C:\Program Files\Java\jdk1.8.0_271\jre\lib\jce.jar;C:\Program Files\Java\jdk1.8.0_271\jre\lib\jfr.jar;C:\Program Files\Java\jdk1.8.0_271\jre\lib\jfxswt.jar;C:\Program Files\Java\jdk1.8.0_271\jre\lib\jsse.jar;C:\Program Files\Java\jdk1.8.0_271\jre\lib\management-agent.jar;C:\Program Files\Java\jdk1.8.0_271\jre\lib\plugin.jar;C:\Program Files\Java\jdk1.8.0_271\jre\lib\resources.jar;C:\Program Files\Java\jdk1.8.0_271\jre\lib\rt.jar;E:\2020qiu\jiyukaiyuan\kkFileView\jodconverter-core\target\classes;C:\Users\dell\.m2\repository\commons-io\commons-io\1.4\commons-io-1.4.jar;C:\Users\dell\.m2\repository\org\openoffice\juh\3.2.1\juh-3.2.1.jar;C:\Users\dell\.m2\repository\org\openoffice\jurt\3.2.1\jurt-3.2.1.jar;C:\Users\dell\.m2\repository\org\openoffice\ridl\3.2.1\ridl-3.2.1.jar;C:\Users\dell\.m2\repository\org\openoffice\unoil\3.2.1\unoil-3.2.1.jar;C:\Users\dell\.m2\repository\commons-cli\commons-cli\1.1\commons-cli-1.1.jar;C:\Users\dell\.m2\repository\org\hyperic\sigar\1.6.5.132\sigar-1.6.5.132.jar;C:\Users\dell\.m2\repository\org\json\json\20090211\json-20090211.jar;C:\P
Launcher Type: SUN_STANDARD

Environment Variables:
JAVA_HOME=C:\Program Files\Java\jdk-14.0.2
CLASSPATH=.;C:\Program Files\Java\jdk-14.0.2\lib;C:\Program Files\Java\jdk-14.0.2\lib\tools.jar
PATH=C:\Program Files (x86)\Common Files\Oracle\Java\javapath;C:\Program Files\Java\jdk-14.0.2\bin;C:\Program Files\Java\jdk-14.0.2\bin£»;C:\Dev\CodeBlocks\mingw\bin;C:\Program Files (x86)\Intel\iCLS Client\;C:\Program Files\Intel\iCLS Client\;C:\Windows\system32;C:\Windows;C:\Windows\System32\Wbem;C:\Windows\System32\WindowsPowerShell\v1.0\;C:\Program Files (x86)\Intel\Intel(R) Management Engine Components\DAL;C:\Program Files\Intel\Intel(R) Management Engine Components\DAL;C:\Program Files (x86)\Intel\Intel(R) Management Engine Components\IPT;C:\Program Files\Intel\Intel(R) Management Engine Components\IPT;C:\WINDOWS\system32;C:\WINDOWS;C:\WINDOWS\System32\Wbem;C:\WINDOWS\System32\WindowsPowerShell\v1.0\;C:\Program Files\Intel\WiFi\bin\;C:\Program Files\Common Files\Intel\WirelessCommon\;C:\WINDOWS\System32\OpenSSH\;E:\matlab2018b\runtime\win64;E:\matlab2018b\bin;D:\matlab2016\runtime\win64;D:\matlab2016\bin;D:\matlab2016\polyspace\bin;e:\Êý×ÖÂß¼­ÊµÑé\quartus\bin;C:\Program Files\NVIDIA Corporation\NVIDIA NvDLISR;C:\Program Files (x86)\NVIDIA Corporation\PhysX\Common;E:\Toolsoftware\Maven\apache-maven-3.5.4\bin;E:\Toolsoftware\apache-tomcat-8.5.59\bin;E:\Toolsoftware\apache-tomcat-8.5.59\lib;C:\Program Files\nodejs\;E:\Toolsoftware\android-sdk-windows\platform-tools;E:\Toolsoftware\android-sdk-windows\tools;"C:\Program Files\Java\jdk-14.0.2\bin;";C:\Users\dell\AppData\Local\Programs\Python\Python37-32\Scripts\;C:\Users\dell\AppData\Local\Programs\Python\Python37-32\;C:\Users\dell\AppData\Local\Microsoft\WindowsApps;C:\Program Files\JetBrains\IntelliJ IDEA 2019.1.3\bin;;;E:\Toolsoftware\Microsoft VS Code\bin;C:\Users\dell\AppData\Roaming\npm
USERNAME=dell
OS=Windows_NT
PROCESSOR_IDENTIFIER=Intel64 Family 6 Model 158 Stepping 9, GenuineIntel



---------------  S Y S T E M  ---------------

OS: Windows 10.0 , 64 bit Build 18362 (10.0.18362.1110)

CPU:total 4 (initial active 4) (4 cores per cpu, 1 threads per core) family 6 model 158 stepping 9, cmov, cx8, fxsr, mmx, sse, sse2, sse3, ssse3, sse4.1, sse4.2, popcnt, avx, avx2, aes, clmul, erms, 3dnowpref, lzcnt, tsc, tscinvbit, bmi1, bmi2, adx

Memory: 4k page, physical 8250820k(1266580k free), swap 13493700k(2443316k free)

vm_info: Java HotSpot(TM) 64-Bit Server VM (25.271-b09) for windows-amd64 JRE (1.8.0_271-b09), built on Sep 16 2020 19:14:59 by "" with MS VC++ 15.9 (VS2017)

time: Tue Nov 17 16:34:31 2020
timezone: ?D1¨²¡À¨º¡Á?¨º¡À??
elapsed time: 0.612328 seconds (0d 0h 0m 0s)

