#
# A fatal error has been detected by the Java Runtime Environment:
#
#  EXCEPTION_ACCESS_VIOLATION (0xc0000005) at pc=0x0000000010014ed4, pid=14652, tid=12132
#
# JRE version: Java(TM) SE Runtime Environment 18.9 (11.0.8+10) (build 11.0.8+10-LTS)
# Java VM: Java HotSpot(TM) 64-Bit Server VM 18.9 (11.0.8+10-LTS, mixed mode, tiered, compressed oops, g1 gc, windows-amd64)
# Problematic frame:
# C  [sigar-amd64-winnt.dll+0x14ed4]
#
# No core dump will be written. Minidumps are not enabled by default on client versions of Windows
#
# If you would like to submit a bug report, please visit:
#   https://bugreport.java.com/bugreport/crash.jsp
# The crash happened outside the Java Virtual Machine in native code.
# See problematic frame for where to report the bug.
#

---------------  S U M M A R Y ------------

Command Line: -javaagent:D:\Application\IDEA 2019\IntelliJ IDEA 2019.3.3\lib\idea_rt.jar=51357:D:\Application\IDEA 2019\IntelliJ IDEA 2019.3.3\bin -Dfile.encoding=UTF-8 org.artofsolving.jodconverter.cli.Convert -o pdf d:/swap/Exercise4.doc d:/swap/test

Host: Intel(R) Core(TM) i7-8550U CPU @ 1.80GHz, 8 cores, 7G,  Windows 10 , 64 bit Build 18362 (10.0.18362.1110)
Time: Tue Nov 17 15:50:29 2020 ?¨ª¨¤¡ä?¡Â??¡ã?¦Ìo¡À¨º¡Á?¨º¡À?? elapsed time: 0 seconds (0d 0h 0m 0s)

---------------  T H R E A D  ---------------

Current thread (0x00000207d8a28800):  JavaThread "OfficeProcessThread-0" daemon [_thread_in_native, id=12132, stack(0x0000001f73b00000,0x0000001f73c00000)]

Stack: [0x0000001f73b00000,0x0000001f73c00000],  sp=0x0000001f73bfebe0,  free space=1018k
Native frames: (J=compiled Java code, j=interpreted, Vv=VM code, C=native code)
C  [sigar-amd64-winnt.dll+0x14ed4]

Java frames: (J=compiled Java code, j=interpreted, Vv=VM code)
j  org.hyperic.sigar.ptql.SigarProcessQuery.find(Lorg/hyperic/sigar/Sigar;)[J+0
j  org.hyperic.sigar.ptql.ProcessFinder.find(Lorg/hyperic/sigar/ptql/ProcessQuery;)[J+5
j  org.hyperic.sigar.ptql.ProcessFinder.find(Ljava/lang/String;)[J+9
j  org.hyperic.sigar.ptql.ProcessFinder.find(Lorg/hyperic/sigar/Sigar;Ljava/lang/String;)[J+9
j  org.artofsolving.jodconverter.process.SigarProcessManager.findPid(Lorg/artofsolving/jodconverter/process/ProcessQuery;)J+31
j  org.artofsolving.jodconverter.office.OfficeProcess.start(Z)V+22
j  org.artofsolving.jodconverter.office.OfficeProcess.start()V+2
j  org.artofsolving.jodconverter.office.ManagedOfficeProcess.doStartProcessAndConnect()V+4
j  org.artofsolving.jodconverter.office.ManagedOfficeProcess.access$000(Lorg/artofsolving/jodconverter/office/ManagedOfficeProcess;)V+1
j  org.artofsolving.jodconverter.office.ManagedOfficeProcess$1.run()V+4
j  java.util.concurrent.Executors$RunnableAdapter.call()Ljava/lang/Object;+4 java.base@11.0.8
j  java.util.concurrent.FutureTask.run()V+39 java.base@11.0.8
j  java.util.concurrent.ThreadPoolExecutor.runWorker(Ljava/util/concurrent/ThreadPoolExecutor$Worker;)V+92 java.base@11.0.8
j  java.util.concurrent.ThreadPoolExecutor$Worker.run()V+5 java.base@11.0.8
j  java.lang.Thread.run()V+11 java.base@11.0.8
v  ~StubRoutines::call_stub

siginfo: EXCEPTION_ACCESS_VIOLATION (0xc0000005), reading address 0xffffffffd9281d98


Register to memory mapping:

RIP=0x0000000010014ed4 sigar-amd64-winnt.dll
RAX=0xffffffffd9281c60 is an unknown value
RBX={method} {0x00000207d831e258} 'find' '(Lorg/hyperic/sigar/Sigar;)[J' in 'org/hyperic/sigar/ptql/SigarProcessQuery'
RCX=0x00000207d8a28b40 points into unknown readable memory: 00 2d ab d4 ff 7f 00 00
RDX=0x0000001f73bfed68 is pointing into the stack for thread: 0x00000207d8a28800
RSP=0x0000001f73bfebe0 is pointing into the stack for thread: 0x00000207d8a28800
RBP=0x0000001f73bfed48 is pointing into the stack for thread: 0x00000207d8a28800
RSI=0x0000000000000249 is an unknown value
RDI=0x00000000000002c8 is an unknown value
R8 =0x0000000000000032 is an unknown value
R9 =0x00000000895a2c40 is an oop: org.hyperic.sigar.Sigar 
{0x00000000895a2c40} - klass: 'org/hyperic/sigar/Sigar'
R10=0x0000000000000026 is an unknown value
R11=0x00007fffd4b2e76c jvm.dll
R12=0x0 is NULL
R13=0x00000207d831e248 is pointing into metadata
R14=0x0000001f73bfed70 is pointing into the stack for thread: 0x00000207d8a28800
R15=0x00000207d8a28800 is a thread


Registers:
RAX=0xffffffffd9281c60, RBX=0x00000207d831e250, RCX=0x00000207d8a28b40, RDX=0x0000001f73bfed68
RSP=0x0000001f73bfebe0, RBP=0x0000001f73bfed48, RSI=0x0000000000000249, RDI=0x00000000000002c8
R8 =0x0000000000000032, R9 =0x00000000895a2c40, R10=0x0000000000000026, R11=0x00007fffd4b2e76c
R12=0x0000000000000000, R13=0x00000207d831e248, R14=0x0000001f73bfed70, R15=0x00000207d8a28800
RIP=0x0000000010014ed4, EFLAGS=0x0000000000010286

Top of Stack: (sp=0x0000001f73bfebe0)
0x0000001f73bfebe0:   00000207d8a28b40 0000001f73bfed68
0x0000001f73bfebf0:   0000000000000249 00000000000002c8
0x0000001f73bfec00:   ffffffffd9281c60 0000000000000032
0x0000001f73bfec10:   00000207d831e248 0000000010027721
0x0000001f73bfec20:   00000207d8a28b40 0000001f73bfed68
0x0000001f73bfec30:   00000207d8a28800 00000207d8a28800
0x0000001f73bfec40:   0000001f73bff680 00007fffd44606f3
0x0000001f73bfec50:   0000001f73bfec70 00000207d8a28800
0x0000001f73bfec60:   ffffffffd9281de0 00000207c134b9d6
0x0000001f73bfec70:   00000207d831e250 00000207d8a28800
0x0000001f73bfec80:   00000000000002c8 0000000000000249
0x0000001f73bfec90:   00000207d831e250 00000207c130ee80
0x0000001f73bfeca0:   0000000000000000 00000207d831e250
0x0000001f73bfecb0:   00000207d8a28800 00000207c130f6ad
0x0000001f73bfecc0:   00000000000002c8 00000207c130f037
0x0000001f73bfecd0:   00000207d8a28b40 0000001f73bfed70 

Instructions: (pc=0x0000000010014ed4)
0x0000000010014eb4:   7c 24 20 00 75 15 48 8d 15 df 58 04 00 48 8b 4c
0x0000000010014ec4:   24 40 e8 45 00 00 00 33 c0 eb 32 48 8b 44 24 20
0x0000000010014ed4:   83 b8 38 01 00 00 00 74 1f 48 8b 44 24 20 44 8b
0x0000000010014ee4:   80 38 01 00 00 48 8b 54 24 20 48 8b 4c 24 40 e8 


Stack slot to memory mapping:
stack at sp + 0 slots: 0x00000207d8a28b40 points into unknown readable memory: 00 2d ab d4 ff 7f 00 00
stack at sp + 1 slots: 0x0000001f73bfed68 is pointing into the stack for thread: 0x00000207d8a28800
stack at sp + 2 slots: 0x0000000000000249 is an unknown value
stack at sp + 3 slots: 0x00000000000002c8 is an unknown value
stack at sp + 4 slots: 0xffffffffd9281c60 is an unknown value
stack at sp + 5 slots: 0x0000000000000032 is an unknown value
stack at sp + 6 slots: 0x00000207d831e248 is pointing into metadata
stack at sp + 7 slots: 0x0000000010027721 sigar-amd64-winnt.dll


---------------  P R O C E S S  ---------------

Threads class SMR info:
_java_thread_list=0x00000207d8a32d30, length=13, elements={
0x00000207b8efd800, 0x00000207d7bb9800, 0x00000207d7bc4800, 0x00000207d7bdd800,
0x00000207d848a000, 0x00000207d848d000, 0x00000207d8498800, 0x00000207d849f800,
0x00000207d8619000, 0x00000207d8669000, 0x00000207d88a7800, 0x00000207d88a3800,
0x00000207d8a28800
}

Java Threads: ( => current thread )
  0x00000207b8efd800 JavaThread "main" [_thread_blocked, id=20040, stack(0x0000001f72800000,0x0000001f72900000)]
  0x00000207d7bb9800 JavaThread "Reference Handler" daemon [_thread_blocked, id=10600, stack(0x0000001f72f00000,0x0000001f73000000)]
  0x00000207d7bc4800 JavaThread "Finalizer" daemon [_thread_blocked, id=1972, stack(0x0000001f73000000,0x0000001f73100000)]
  0x00000207d7bdd800 JavaThread "Signal Dispatcher" daemon [_thread_blocked, id=10480, stack(0x0000001f73100000,0x0000001f73200000)]
  0x00000207d848a000 JavaThread "Attach Listener" daemon [_thread_blocked, id=15484, stack(0x0000001f73200000,0x0000001f73300000)]
  0x00000207d848d000 JavaThread "C2 CompilerThread0" daemon [_thread_blocked, id=17204, stack(0x0000001f73300000,0x0000001f73400000)]
  0x00000207d8498800 JavaThread "C1 CompilerThread0" daemon [_thread_blocked, id=21300, stack(0x0000001f73400000,0x0000001f73500000)]
  0x00000207d849f800 JavaThread "Sweeper thread" daemon [_thread_blocked, id=2564, stack(0x0000001f73500000,0x0000001f73600000)]
  0x00000207d8619000 JavaThread "Common-Cleaner" daemon [_thread_blocked, id=9256, stack(0x0000001f73600000,0x0000001f73700000)]
  0x00000207d8669000 JavaThread "C2 CompilerThread1" daemon [_thread_blocked, id=18264, stack(0x0000001f73700000,0x0000001f73800000)]
  0x00000207d88a7800 JavaThread "Monitor Ctrl-Break" daemon [_thread_in_native, id=1704, stack(0x0000001f73800000,0x0000001f73900000)]
  0x00000207d88a3800 JavaThread "Service Thread" daemon [_thread_blocked, id=19488, stack(0x0000001f73900000,0x0000001f73a00000)]
=>0x00000207d8a28800 JavaThread "OfficeProcessThread-0" daemon [_thread_in_native, id=12132, stack(0x0000001f73b00000,0x0000001f73c00000)]

Other Threads:
  0x00000207d7b96000 VMThread "VM Thread" [stack: 0x0000001f72e00000,0x0000001f72f00000] [id=18988]
  0x00000207d88a5000 WatcherThread [stack: 0x0000001f73a00000,0x0000001f73b00000] [id=20476]
  0x00000207b8f12800 GCTaskThread "GC Thread#0" [stack: 0x0000001f72900000,0x0000001f72a00000] [id=14004]
  0x00000207b8f45000 ConcurrentGCThread "G1 Main Marker" [stack: 0x0000001f72a00000,0x0000001f72b00000] [id=3616]
  0x00000207b8f49000 ConcurrentGCThread "G1 Conc#0" [stack: 0x0000001f72b00000,0x0000001f72c00000] [id=16892]
  0x00000207b8fce000 ConcurrentGCThread "G1 Refine#0" [stack: 0x0000001f72c00000,0x0000001f72d00000] [id=20124]
  0x00000207d7a00800 ConcurrentGCThread "G1 Young RemSet Sampling" [stack: 0x0000001f72d00000,0x0000001f72e00000] [id=15956]

Threads with active compile tasks:

VM state:not at safepoint (normal execution)

VM Mutex/Monitor currently owned by a thread: None

Heap address: 0x0000000081c00000, size: 2020 MB, Compressed Oops mode: 32-bit
Narrow klass base: 0x0000000000000000, Narrow klass shift: 3
Compressed class space size: 1073741824 Address: 0x0000000100000000

Heap:
 garbage-first heap   total 131072K, used 6144K [0x0000000081c00000, 0x0000000100000000)
  region size 1024K, 7 young (7168K), 0 survivors (0K)
 Metaspace       used 9826K, capacity 10031K, committed 10240K, reserved 1058816K
  class space    used 912K, capacity 979K, committed 1024K, reserved 1048576K
Heap Regions: E=young(eden), S=young(survivor), O=old, HS=humongous(starts), HC=humongous(continues), CS=collection set, F=free, A=archive, TAMS=top-at-mark-start (previous, next)
|   0|0x0000000081c00000, 0x0000000081c00000, 0x0000000081d00000|  0%| F|  |TAMS 0x0000000081c00000, 0x0000000081c00000| Untracked 
|   1|0x0000000081d00000, 0x0000000081d00000, 0x0000000081e00000|  0%| F|  |TAMS 0x0000000081d00000, 0x0000000081d00000| Untracked 
|   2|0x0000000081e00000, 0x0000000081e00000, 0x0000000081f00000|  0%| F|  |TAMS 0x0000000081e00000, 0x0000000081e00000| Untracked 
|   3|0x0000000081f00000, 0x0000000081f00000, 0x0000000082000000|  0%| F|  |TAMS 0x0000000081f00000, 0x0000000081f00000| Untracked 
|   4|0x0000000082000000, 0x0000000082000000, 0x0000000082100000|  0%| F|  |TAMS 0x0000000082000000, 0x0000000082000000| Untracked 
|   5|0x0000000082100000, 0x0000000082100000, 0x0000000082200000|  0%| F|  |TAMS 0x0000000082100000, 0x0000000082100000| Untracked 
|   6|0x0000000082200000, 0x0000000082200000, 0x0000000082300000|  0%| F|  |TAMS 0x0000000082200000, 0x0000000082200000| Untracked 
|   7|0x0000000082300000, 0x0000000082300000, 0x0000000082400000|  0%| F|  |TAMS 0x0000000082300000, 0x0000000082300000| Untracked 
|   8|0x0000000082400000, 0x0000000082400000, 0x0000000082500000|  0%| F|  |TAMS 0x0000000082400000, 0x0000000082400000| Untracked 
|   9|0x0000000082500000, 0x0000000082500000, 0x0000000082600000|  0%| F|  |TAMS 0x0000000082500000, 0x0000000082500000| Untracked 
|  10|0x0000000082600000, 0x0000000082600000, 0x0000000082700000|  0%| F|  |TAMS 0x0000000082600000, 0x0000000082600000| Untracked 
|  11|0x0000000082700000, 0x0000000082700000, 0x0000000082800000|  0%| F|  |TAMS 0x0000000082700000, 0x0000000082700000| Untracked 
|  12|0x0000000082800000, 0x0000000082800000, 0x0000000082900000|  0%| F|  |TAMS 0x0000000082800000, 0x0000000082800000| Untracked 
|  13|0x0000000082900000, 0x0000000082900000, 0x0000000082a00000|  0%| F|  |TAMS 0x0000000082900000, 0x0000000082900000| Untracked 
|  14|0x0000000082a00000, 0x0000000082a00000, 0x0000000082b00000|  0%| F|  |TAMS 0x0000000082a00000, 0x0000000082a00000| Untracked 
|  15|0x0000000082b00000, 0x0000000082b00000, 0x0000000082c00000|  0%| F|  |TAMS 0x0000000082b00000, 0x0000000082b00000| Untracked 
|  16|0x0000000082c00000, 0x0000000082c00000, 0x0000000082d00000|  0%| F|  |TAMS 0x0000000082c00000, 0x0000000082c00000| Untracked 
|  17|0x0000000082d00000, 0x0000000082d00000, 0x0000000082e00000|  0%| F|  |TAMS 0x0000000082d00000, 0x0000000082d00000| Untracked 
|  18|0x0000000082e00000, 0x0000000082e00000, 0x0000000082f00000|  0%| F|  |TAMS 0x0000000082e00000, 0x0000000082e00000| Untracked 
|  19|0x0000000082f00000, 0x0000000082f00000, 0x0000000083000000|  0%| F|  |TAMS 0x0000000082f00000, 0x0000000082f00000| Untracked 
|  20|0x0000000083000000, 0x0000000083000000, 0x0000000083100000|  0%| F|  |TAMS 0x0000000083000000, 0x0000000083000000| Untracked 
|  21|0x0000000083100000, 0x0000000083100000, 0x0000000083200000|  0%| F|  |TAMS 0x0000000083100000, 0x0000000083100000| Untracked 
|  22|0x0000000083200000, 0x0000000083200000, 0x0000000083300000|  0%| F|  |TAMS 0x0000000083200000, 0x0000000083200000| Untracked 
|  23|0x0000000083300000, 0x0000000083300000, 0x0000000083400000|  0%| F|  |TAMS 0x0000000083300000, 0x0000000083300000| Untracked 
|  24|0x0000000083400000, 0x0000000083400000, 0x0000000083500000|  0%| F|  |TAMS 0x0000000083400000, 0x0000000083400000| Untracked 
|  25|0x0000000083500000, 0x0000000083500000, 0x0000000083600000|  0%| F|  |TAMS 0x0000000083500000, 0x0000000083500000| Untracked 
|  26|0x0000000083600000, 0x0000000083600000, 0x0000000083700000|  0%| F|  |TAMS 0x0000000083600000, 0x0000000083600000| Untracked 
|  27|0x0000000083700000, 0x0000000083700000, 0x0000000083800000|  0%| F|  |TAMS 0x0000000083700000, 0x0000000083700000| Untracked 
|  28|0x0000000083800000, 0x0000000083800000, 0x0000000083900000|  0%| F|  |TAMS 0x0000000083800000, 0x0000000083800000| Untracked 
|  29|0x0000000083900000, 0x0000000083900000, 0x0000000083a00000|  0%| F|  |TAMS 0x0000000083900000, 0x0000000083900000| Untracked 
|  30|0x0000000083a00000, 0x0000000083a00000, 0x0000000083b00000|  0%| F|  |TAMS 0x0000000083a00000, 0x0000000083a00000| Untracked 
|  31|0x0000000083b00000, 0x0000000083b00000, 0x0000000083c00000|  0%| F|  |TAMS 0x0000000083b00000, 0x0000000083b00000| Untracked 
|  32|0x0000000083c00000, 0x0000000083c00000, 0x0000000083d00000|  0%| F|  |TAMS 0x0000000083c00000, 0x0000000083c00000| Untracked 
|  33|0x0000000083d00000, 0x0000000083d00000, 0x0000000083e00000|  0%| F|  |TAMS 0x0000000083d00000, 0x0000000083d00000| Untracked 
|  34|0x0000000083e00000, 0x0000000083e00000, 0x0000000083f00000|  0%| F|  |TAMS 0x0000000083e00000, 0x0000000083e00000| Untracked 
|  35|0x0000000083f00000, 0x0000000083f00000, 0x0000000084000000|  0%| F|  |TAMS 0x0000000083f00000, 0x0000000083f00000| Untracked 
|  36|0x0000000084000000, 0x0000000084000000, 0x0000000084100000|  0%| F|  |TAMS 0x0000000084000000, 0x0000000084000000| Untracked 
|  37|0x0000000084100000, 0x0000000084100000, 0x0000000084200000|  0%| F|  |TAMS 0x0000000084100000, 0x0000000084100000| Untracked 
|  38|0x0000000084200000, 0x0000000084200000, 0x0000000084300000|  0%| F|  |TAMS 0x0000000084200000, 0x0000000084200000| Untracked 
|  39|0x0000000084300000, 0x0000000084300000, 0x0000000084400000|  0%| F|  |TAMS 0x0000000084300000, 0x0000000084300000| Untracked 
|  40|0x0000000084400000, 0x0000000084400000, 0x0000000084500000|  0%| F|  |TAMS 0x0000000084400000, 0x0000000084400000| Untracked 
|  41|0x0000000084500000, 0x0000000084500000, 0x0000000084600000|  0%| F|  |TAMS 0x0000000084500000, 0x0000000084500000| Untracked 
|  42|0x0000000084600000, 0x0000000084600000, 0x0000000084700000|  0%| F|  |TAMS 0x0000000084600000, 0x0000000084600000| Untracked 
|  43|0x0000000084700000, 0x0000000084700000, 0x0000000084800000|  0%| F|  |TAMS 0x0000000084700000, 0x0000000084700000| Untracked 
|  44|0x0000000084800000, 0x0000000084800000, 0x0000000084900000|  0%| F|  |TAMS 0x0000000084800000, 0x0000000084800000| Untracked 
|  45|0x0000000084900000, 0x0000000084900000, 0x0000000084a00000|  0%| F|  |TAMS 0x0000000084900000, 0x0000000084900000| Untracked 
|  46|0x0000000084a00000, 0x0000000084a00000, 0x0000000084b00000|  0%| F|  |TAMS 0x0000000084a00000, 0x0000000084a00000| Untracked 
|  47|0x0000000084b00000, 0x0000000084b00000, 0x0000000084c00000|  0%| F|  |TAMS 0x0000000084b00000, 0x0000000084b00000| Untracked 
|  48|0x0000000084c00000, 0x0000000084c00000, 0x0000000084d00000|  0%| F|  |TAMS 0x0000000084c00000, 0x0000000084c00000| Untracked 
|  49|0x0000000084d00000, 0x0000000084d00000, 0x0000000084e00000|  0%| F|  |TAMS 0x0000000084d00000, 0x0000000084d00000| Untracked 
|  50|0x0000000084e00000, 0x0000000084e00000, 0x0000000084f00000|  0%| F|  |TAMS 0x0000000084e00000, 0x0000000084e00000| Untracked 
|  51|0x0000000084f00000, 0x0000000084f00000, 0x0000000085000000|  0%| F|  |TAMS 0x0000000084f00000, 0x0000000084f00000| Untracked 
|  52|0x0000000085000000, 0x0000000085000000, 0x0000000085100000|  0%| F|  |TAMS 0x0000000085000000, 0x0000000085000000| Untracked 
|  53|0x0000000085100000, 0x0000000085100000, 0x0000000085200000|  0%| F|  |TAMS 0x0000000085100000, 0x0000000085100000| Untracked 
|  54|0x0000000085200000, 0x0000000085200000, 0x0000000085300000|  0%| F|  |TAMS 0x0000000085200000, 0x0000000085200000| Untracked 
|  55|0x0000000085300000, 0x0000000085300000, 0x0000000085400000|  0%| F|  |TAMS 0x0000000085300000, 0x0000000085300000| Untracked 
|  56|0x0000000085400000, 0x0000000085400000, 0x0000000085500000|  0%| F|  |TAMS 0x0000000085400000, 0x0000000085400000| Untracked 
|  57|0x0000000085500000, 0x0000000085500000, 0x0000000085600000|  0%| F|  |TAMS 0x0000000085500000, 0x0000000085500000| Untracked 
|  58|0x0000000085600000, 0x0000000085600000, 0x0000000085700000|  0%| F|  |TAMS 0x0000000085600000, 0x0000000085600000| Untracked 
|  59|0x0000000085700000, 0x0000000085700000, 0x0000000085800000|  0%| F|  |TAMS 0x0000000085700000, 0x0000000085700000| Untracked 
|  60|0x0000000085800000, 0x0000000085800000, 0x0000000085900000|  0%| F|  |TAMS 0x0000000085800000, 0x0000000085800000| Untracked 
|  61|0x0000000085900000, 0x0000000085900000, 0x0000000085a00000|  0%| F|  |TAMS 0x0000000085900000, 0x0000000085900000| Untracked 
|  62|0x0000000085a00000, 0x0000000085a00000, 0x0000000085b00000|  0%| F|  |TAMS 0x0000000085a00000, 0x0000000085a00000| Untracked 
|  63|0x0000000085b00000, 0x0000000085b00000, 0x0000000085c00000|  0%| F|  |TAMS 0x0000000085b00000, 0x0000000085b00000| Untracked 
|  64|0x0000000085c00000, 0x0000000085c00000, 0x0000000085d00000|  0%| F|  |TAMS 0x0000000085c00000, 0x0000000085c00000| Untracked 
|  65|0x0000000085d00000, 0x0000000085d00000, 0x0000000085e00000|  0%| F|  |TAMS 0x0000000085d00000, 0x0000000085d00000| Untracked 
|  66|0x0000000085e00000, 0x0000000085e00000, 0x0000000085f00000|  0%| F|  |TAMS 0x0000000085e00000, 0x0000000085e00000| Untracked 
|  67|0x0000000085f00000, 0x0000000085f00000, 0x0000000086000000|  0%| F|  |TAMS 0x0000000085f00000, 0x0000000085f00000| Untracked 
|  68|0x0000000086000000, 0x0000000086000000, 0x0000000086100000|  0%| F|  |TAMS 0x0000000086000000, 0x0000000086000000| Untracked 
|  69|0x0000000086100000, 0x0000000086100000, 0x0000000086200000|  0%| F|  |TAMS 0x0000000086100000, 0x0000000086100000| Untracked 
|  70|0x0000000086200000, 0x0000000086200000, 0x0000000086300000|  0%| F|  |TAMS 0x0000000086200000, 0x0000000086200000| Untracked 
|  71|0x0000000086300000, 0x0000000086300000, 0x0000000086400000|  0%| F|  |TAMS 0x0000000086300000, 0x0000000086300000| Untracked 
|  72|0x0000000086400000, 0x0000000086400000, 0x0000000086500000|  0%| F|  |TAMS 0x0000000086400000, 0x0000000086400000| Untracked 
|  73|0x0000000086500000, 0x0000000086500000, 0x0000000086600000|  0%| F|  |TAMS 0x0000000086500000, 0x0000000086500000| Untracked 
|  74|0x0000000086600000, 0x0000000086600000, 0x0000000086700000|  0%| F|  |TAMS 0x0000000086600000, 0x0000000086600000| Untracked 
|  75|0x0000000086700000, 0x0000000086700000, 0x0000000086800000|  0%| F|  |TAMS 0x0000000086700000, 0x0000000086700000| Untracked 
|  76|0x0000000086800000, 0x0000000086800000, 0x0000000086900000|  0%| F|  |TAMS 0x0000000086800000, 0x0000000086800000| Untracked 
|  77|0x0000000086900000, 0x0000000086900000, 0x0000000086a00000|  0%| F|  |TAMS 0x0000000086900000, 0x0000000086900000| Untracked 
|  78|0x0000000086a00000, 0x0000000086a00000, 0x0000000086b00000|  0%| F|  |TAMS 0x0000000086a00000, 0x0000000086a00000| Untracked 
|  79|0x0000000086b00000, 0x0000000086b00000, 0x0000000086c00000|  0%| F|  |TAMS 0x0000000086b00000, 0x0000000086b00000| Untracked 
|  80|0x0000000086c00000, 0x0000000086c00000, 0x0000000086d00000|  0%| F|  |TAMS 0x0000000086c00000, 0x0000000086c00000| Untracked 
|  81|0x0000000086d00000, 0x0000000086d00000, 0x0000000086e00000|  0%| F|  |TAMS 0x0000000086d00000, 0x0000000086d00000| Untracked 
|  82|0x0000000086e00000, 0x0000000086e00000, 0x0000000086f00000|  0%| F|  |TAMS 0x0000000086e00000, 0x0000000086e00000| Untracked 
|  83|0x0000000086f00000, 0x0000000086f00000, 0x0000000087000000|  0%| F|  |TAMS 0x0000000086f00000, 0x0000000086f00000| Untracked 
|  84|0x0000000087000000, 0x0000000087000000, 0x0000000087100000|  0%| F|  |TAMS 0x0000000087000000, 0x0000000087000000| Untracked 
|  85|0x0000000087100000, 0x0000000087100000, 0x0000000087200000|  0%| F|  |TAMS 0x0000000087100000, 0x0000000087100000| Untracked 
|  86|0x0000000087200000, 0x0000000087200000, 0x0000000087300000|  0%| F|  |TAMS 0x0000000087200000, 0x0000000087200000| Untracked 
|  87|0x0000000087300000, 0x0000000087300000, 0x0000000087400000|  0%| F|  |TAMS 0x0000000087300000, 0x0000000087300000| Untracked 
|  88|0x0000000087400000, 0x0000000087400000, 0x0000000087500000|  0%| F|  |TAMS 0x0000000087400000, 0x0000000087400000| Untracked 
|  89|0x0000000087500000, 0x0000000087500000, 0x0000000087600000|  0%| F|  |TAMS 0x0000000087500000, 0x0000000087500000| Untracked 
|  90|0x0000000087600000, 0x0000000087600000, 0x0000000087700000|  0%| F|  |TAMS 0x0000000087600000, 0x0000000087600000| Untracked 
|  91|0x0000000087700000, 0x0000000087700000, 0x0000000087800000|  0%| F|  |TAMS 0x0000000087700000, 0x0000000087700000| Untracked 
|  92|0x0000000087800000, 0x0000000087800000, 0x0000000087900000|  0%| F|  |TAMS 0x0000000087800000, 0x0000000087800000| Untracked 
|  93|0x0000000087900000, 0x0000000087900000, 0x0000000087a00000|  0%| F|  |TAMS 0x0000000087900000, 0x0000000087900000| Untracked 
|  94|0x0000000087a00000, 0x0000000087a00000, 0x0000000087b00000|  0%| F|  |TAMS 0x0000000087a00000, 0x0000000087a00000| Untracked 
|  95|0x0000000087b00000, 0x0000000087b00000, 0x0000000087c00000|  0%| F|  |TAMS 0x0000000087b00000, 0x0000000087b00000| Untracked 
|  96|0x0000000087c00000, 0x0000000087c00000, 0x0000000087d00000|  0%| F|  |TAMS 0x0000000087c00000, 0x0000000087c00000| Untracked 
|  97|0x0000000087d00000, 0x0000000087d00000, 0x0000000087e00000|  0%| F|  |TAMS 0x0000000087d00000, 0x0000000087d00000| Untracked 
|  98|0x0000000087e00000, 0x0000000087e00000, 0x0000000087f00000|  0%| F|  |TAMS 0x0000000087e00000, 0x0000000087e00000| Untracked 
|  99|0x0000000087f00000, 0x0000000087f00000, 0x0000000088000000|  0%| F|  |TAMS 0x0000000087f00000, 0x0000000087f00000| Untracked 
| 100|0x0000000088000000, 0x0000000088000000, 0x0000000088100000|  0%| F|  |TAMS 0x0000000088000000, 0x0000000088000000| Untracked 
| 101|0x0000000088100000, 0x0000000088100000, 0x0000000088200000|  0%| F|  |TAMS 0x0000000088100000, 0x0000000088100000| Untracked 
| 102|0x0000000088200000, 0x0000000088200000, 0x0000000088300000|  0%| F|  |TAMS 0x0000000088200000, 0x0000000088200000| Untracked 
| 103|0x0000000088300000, 0x0000000088300000, 0x0000000088400000|  0%| F|  |TAMS 0x0000000088300000, 0x0000000088300000| Untracked 
| 104|0x0000000088400000, 0x0000000088400000, 0x0000000088500000|  0%| F|  |TAMS 0x0000000088400000, 0x0000000088400000| Untracked 
| 105|0x0000000088500000, 0x0000000088500000, 0x0000000088600000|  0%| F|  |TAMS 0x0000000088500000, 0x0000000088500000| Untracked 
| 106|0x0000000088600000, 0x0000000088600000, 0x0000000088700000|  0%| F|  |TAMS 0x0000000088600000, 0x0000000088600000| Untracked 
| 107|0x0000000088700000, 0x0000000088700000, 0x0000000088800000|  0%| F|  |TAMS 0x0000000088700000, 0x0000000088700000| Untracked 
| 108|0x0000000088800000, 0x0000000088800000, 0x0000000088900000|  0%| F|  |TAMS 0x0000000088800000, 0x0000000088800000| Untracked 
| 109|0x0000000088900000, 0x0000000088900000, 0x0000000088a00000|  0%| F|  |TAMS 0x0000000088900000, 0x0000000088900000| Untracked 
| 110|0x0000000088a00000, 0x0000000088a00000, 0x0000000088b00000|  0%| F|  |TAMS 0x0000000088a00000, 0x0000000088a00000| Untracked 
| 111|0x0000000088b00000, 0x0000000088b00000, 0x0000000088c00000|  0%| F|  |TAMS 0x0000000088b00000, 0x0000000088b00000| Untracked 
| 112|0x0000000088c00000, 0x0000000088c00000, 0x0000000088d00000|  0%| F|  |TAMS 0x0000000088c00000, 0x0000000088c00000| Untracked 
| 113|0x0000000088d00000, 0x0000000088d00000, 0x0000000088e00000|  0%| F|  |TAMS 0x0000000088d00000, 0x0000000088d00000| Untracked 
| 114|0x0000000088e00000, 0x0000000088e00000, 0x0000000088f00000|  0%| F|  |TAMS 0x0000000088e00000, 0x0000000088e00000| Untracked 
| 115|0x0000000088f00000, 0x0000000088f00000, 0x0000000089000000|  0%| F|  |TAMS 0x0000000088f00000, 0x0000000088f00000| Untracked 
| 116|0x0000000089000000, 0x0000000089000000, 0x0000000089100000|  0%| F|  |TAMS 0x0000000089000000, 0x0000000089000000| Untracked 
| 117|0x0000000089100000, 0x0000000089100000, 0x0000000089200000|  0%| F|  |TAMS 0x0000000089100000, 0x0000000089100000| Untracked 
| 118|0x0000000089200000, 0x0000000089200000, 0x0000000089300000|  0%| F|  |TAMS 0x0000000089200000, 0x0000000089200000| Untracked 
| 119|0x0000000089300000, 0x0000000089300000, 0x0000000089400000|  0%| F|  |TAMS 0x0000000089300000, 0x0000000089300000| Untracked 
| 120|0x0000000089400000, 0x0000000089400000, 0x0000000089500000|  0%| F|  |TAMS 0x0000000089400000, 0x0000000089400000| Untracked 
| 121|0x0000000089500000, 0x00000000895f6458, 0x0000000089600000| 96%| E|  |TAMS 0x0000000089500000, 0x0000000089500000| Complete 
| 122|0x0000000089600000, 0x0000000089700000, 0x0000000089700000|100%| E|CS|TAMS 0x0000000089600000, 0x0000000089600000| Complete 
| 123|0x0000000089700000, 0x0000000089800000, 0x0000000089800000|100%| E|CS|TAMS 0x0000000089700000, 0x0000000089700000| Complete 
| 124|0x0000000089800000, 0x0000000089900000, 0x0000000089900000|100%| E|CS|TAMS 0x0000000089800000, 0x0000000089800000| Complete 
| 125|0x0000000089900000, 0x0000000089a00000, 0x0000000089a00000|100%| E|CS|TAMS 0x0000000089900000, 0x0000000089900000| Complete 
| 126|0x0000000089a00000, 0x0000000089b00000, 0x0000000089b00000|100%| E|CS|TAMS 0x0000000089a00000, 0x0000000089a00000| Complete 
| 127|0x0000000089b00000, 0x0000000089c00000, 0x0000000089c00000|100%| E|CS|TAMS 0x0000000089b00000, 0x0000000089b00000| Complete 

Card table byte_map: [0x00000207d0a30000,0x00000207d0e30000] _byte_map_base: 0x00000207d0622000

Marking Bits (Prev, Next): (CMBitMap*) 0x00000207b8f3c1b8, (CMBitMap*) 0x00000207b8f3c1f0
 Prev Bits: [0x00000207d1230000, 0x00000207d31c0000)
 Next Bits: [0x00000207d31c0000, 0x00000207d5150000)

Polling page: 0x00000207b6d60000

Metaspace:

Usage:
  Non-class:      8.84 MB capacity,     8.71 MB ( 98%) used,   125.17 KB (  1%) free+waste,    12.63 KB ( <1%) overhead. 
      Class:    979.00 KB capacity,   912.22 KB ( 93%) used,    61.09 KB (  6%) free+waste,     5.69 KB ( <1%) overhead. 
       Both:      9.80 MB capacity,     9.60 MB ( 98%) used,   186.27 KB (  2%) free+waste,    18.31 KB ( <1%) overhead. 

Virtual space:
  Non-class space:       10.00 MB reserved,       9.00 MB ( 90%) committed 
      Class space:        1.00 GB reserved,       1.00 MB ( <1%) committed 
             Both:        1.01 GB reserved,      10.00 MB ( <1%) committed 

Chunk freelists:
   Non-Class:  4.50 KB
       Class:  1.63 KB
        Both:  6.13 KB

CodeHeap 'non-profiled nmethods': size=120000Kb used=161Kb max_used=161Kb free=119839Kb
 bounds [0x00000207c8dd0000, 0x00000207c9040000, 0x00000207d0300000]
CodeHeap 'profiled nmethods': size=120000Kb used=982Kb max_used=982Kb free=119018Kb
 bounds [0x00000207c18a0000, 0x00000207c1b10000, 0x00000207c8dd0000]
CodeHeap 'non-nmethods': size=5760Kb used=1085Kb max_used=1098Kb free=4674Kb
 bounds [0x00000207c1300000, 0x00000207c1570000, 0x00000207c18a0000]
 total_blobs=964 nmethods=579 adapters=297
 compilation: enabled
              stopped_count=0, restarted_count=0
 full_count=0

Compilation events (10 events):
Event: 0.317 Thread 0x00000207d8498800 nmethod 572 0x00000207c8df7210 code [0x00000207c8df73a0, 0x00000207c8df74b8]
Event: 0.318 Thread 0x00000207d848d000  575       4       java.lang.CharacterData::of (120 bytes)
Event: 0.318 Thread 0x00000207d8498800  573       3       java.util.jar.JarFile::getJarEntry (9 bytes)
Event: 0.318 Thread 0x00000207d8669000 nmethod 558 0x00000207c8df7510 code [0x00000207c8df76a0, 0x00000207c8df7b58]
Event: 0.318 Thread 0x00000207d848d000 nmethod 575 0x00000207c8df7d90 code [0x00000207c8df7f20, 0x00000207c8df7f98]
Event: 0.318 Thread 0x00000207d8498800 nmethod 573 0x00000207c1981810 code [0x00000207c1981a20, 0x00000207c1982210]
Event: 0.318 Thread 0x00000207d8498800  574       3       java.util.jar.JarFile::getEntry (22 bytes)
Event: 0.318 Thread 0x00000207d8498800 nmethod 574 0x00000207c1982490 code [0x00000207c19826a0, 0x00000207c1982e30]
Event: 0.318 Thread 0x00000207d8498800  577       3       java.net.URLStreamHandler::parseURL (1201 bytes)
Event: 0.319 Thread 0x00000207d8669000  579       4       java.lang.StringLatin1::lastIndexOf (40 bytes)

GC Heap History (0 events):
No events

Deoptimization events (6 events):
Event: 0.209 Thread 0x00000207b8efd800 Uncommon trap: reason=bimorphic_or_optimized_type_check action=maybe_recompile pc=0x00000207c8dd8c14 method=java.util.AbstractCollection.isEmpty()Z @ 1 c2
Event: 0.209 Thread 0x00000207b8efd800 Uncommon trap: reason=bimorphic_or_optimized_type_check action=maybe_recompile pc=0x00000207c8dd8c14 method=java.util.AbstractCollection.isEmpty()Z @ 1 c2
Event: 0.209 Thread 0x00000207b8efd800 Uncommon trap: reason=bimorphic_or_optimized_type_check action=maybe_recompile pc=0x00000207c8dd8c14 method=java.util.AbstractCollection.isEmpty()Z @ 1 c2
Event: 0.210 Thread 0x00000207b8efd800 Uncommon trap: reason=bimorphic_or_optimized_type_check action=maybe_recompile pc=0x00000207c8dd8c14 method=java.util.AbstractCollection.isEmpty()Z @ 1 c2
Event: 0.283 Thread 0x00000207b8efd800 Uncommon trap: reason=unstable_if action=reinterpret pc=0x00000207c8dd98a8 method=java.lang.String.equals(Ljava/lang/Object;)Z @ 27 c2
Event: 0.295 Thread 0x00000207b8efd800 Uncommon trap: reason=unstable_if action=reinterpret pc=0x00000207c8dd4d90 method=java.lang.String.isLatin1()Z @ 10 c2

Classes redefined (0 events):
No events

Internal exceptions (9 events):
Event: 0.158 Thread 0x00000207b8efd800 Exception <a 'java/security/PrivilegedActionException'{0x0000000089991b30}> (0x0000000089991b30) thrown at [./open/src/hotspot/share/prims/jvm.cpp, line 1296]
Event: 0.158 Thread 0x00000207b8efd800 Exception <a 'java/security/PrivilegedActionException'{0x0000000089991e00}> (0x0000000089991e00) thrown at [./open/src/hotspot/share/prims/jvm.cpp, line 1296]
Event: 0.158 Thread 0x00000207b8efd800 Exception <a 'java/security/PrivilegedActionException'{0x0000000089992948}> (0x0000000089992948) thrown at [./open/src/hotspot/share/prims/jvm.cpp, line 1296]
Event: 0.158 Thread 0x00000207b8efd800 Exception <a 'java/security/PrivilegedActionException'{0x0000000089992c18}> (0x0000000089992c18) thrown at [./open/src/hotspot/share/prims/jvm.cpp, line 1296]
Event: 0.160 Thread 0x00000207b8efd800 Exception <a 'java/security/PrivilegedActionException'{0x000000008999cb80}> (0x000000008999cb80) thrown at [./open/src/hotspot/share/prims/jvm.cpp, line 1296]
Event: 0.160 Thread 0x00000207b8efd800 Exception <a 'java/security/PrivilegedActionException'{0x000000008999ce50}> (0x000000008999ce50) thrown at [./open/src/hotspot/share/prims/jvm.cpp, line 1296]
Event: 0.160 Thread 0x00000207b8efd800 Exception <a 'java/security/PrivilegedActionException'{0x000000008999d9e8}> (0x000000008999d9e8) thrown at [./open/src/hotspot/share/prims/jvm.cpp, line 1296]
Event: 0.160 Thread 0x00000207b8efd800 Exception <a 'java/security/PrivilegedActionException'{0x000000008999dcb8}> (0x000000008999dcb8) thrown at [./open/src/hotspot/share/prims/jvm.cpp, line 1296]
Event: 0.279 Thread 0x00000207b8efd800 Exception <a 'java/lang/ClassNotFoundException'{0x00000000896e2e58}: sun/util/logging/resources/spi/loggingProvider> (0x00000000896e2e58) thrown at [./open/src/hotspot/share/classfile/systemDictionary.cpp, line 228]

Events (10 events):
Event: 0.317 Executing VM operation: RevokeBias
Event: 0.317 Executing VM operation: RevokeBias done
Event: 0.317 loading class org/hyperic/sigar/ptql/MalformedQueryException
Event: 0.317 loading class org/hyperic/sigar/ptql/MalformedQueryException done
Event: 0.318 Executing VM operation: RevokeBias
Event: 0.318 Executing VM operation: RevokeBias done
Event: 0.318 loading class org/hyperic/sigar/ptql/ProcessQuery
Event: 0.318 loading class org/hyperic/sigar/ptql/ProcessQuery done
Event: 0.319 loading class org/hyperic/sigar/ptql/SigarProcessQuery
Event: 0.319 loading class org/hyperic/sigar/ptql/SigarProcessQuery done


Dynamic libraries:
0x00007ff785a40000 - 0x00007ff785a4f000 	C:\Program Files\Java\jdk-11.0.8\bin\java.exe
0x00007ff82f900000 - 0x00007ff82faf0000 	C:\WINDOWS\SYSTEM32\ntdll.dll
0x00007ff82ea60000 - 0x00007ff82eb12000 	C:\WINDOWS\System32\KERNEL32.DLL
0x00007ff82d330000 - 0x00007ff82d5d5000 	C:\WINDOWS\System32\KERNELBASE.dll
0x00007ff82d780000 - 0x00007ff82d87a000 	C:\WINDOWS\System32\ucrtbase.dll
0x00007fffeaae0000 - 0x00007fffeaaf8000 	C:\Program Files\Java\jdk-11.0.8\bin\jli.dll
0x00007fffeb890000 - 0x00007fffeb8a5000 	C:\Program Files\Java\jdk-11.0.8\bin\VCRUNTIME140.dll
0x00007ff82ec00000 - 0x00007ff82eca3000 	C:\WINDOWS\System32\ADVAPI32.dll
0x00007ff82e040000 - 0x00007ff82e0de000 	C:\WINDOWS\System32\msvcrt.dll
0x00007ff82e950000 - 0x00007ff82e9e7000 	C:\WINDOWS\System32\sechost.dll
0x00007ff82f390000 - 0x00007ff82f4b0000 	C:\WINDOWS\System32\RPCRT4.dll
0x00007ff82de70000 - 0x00007ff82e004000 	C:\WINDOWS\System32\USER32.dll
0x00007ff82d8d0000 - 0x00007ff82d8f1000 	C:\WINDOWS\System32\win32u.dll
0x00007ff81a900000 - 0x00007ff81ab84000 	C:\WINDOWS\WinSxS\amd64_microsoft.windows.common-controls_6595b64144ccf1df_6.0.18362.1198_none_9e820b57e45ad92f\COMCTL32.dll
0x00007ff82e010000 - 0x00007ff82e036000 	C:\WINDOWS\System32\GDI32.dll
0x00007ff82d9c0000 - 0x00007ff82dcf5000 	C:\WINDOWS\System32\combase.dll
0x00007ff82d5e0000 - 0x00007ff82d776000 	C:\WINDOWS\System32\gdi32full.dll
0x00007ff82ca50000 - 0x00007ff82caee000 	C:\WINDOWS\System32\msvcp_win.dll
0x00007ff82c9d0000 - 0x00007ff82ca50000 	C:\WINDOWS\System32\bcryptPrimitives.dll
0x00007ff825af0000 - 0x00007ff825afa000 	C:\WINDOWS\SYSTEM32\VERSION.dll
0x00007ff82ed20000 - 0x00007ff82ed4e000 	C:\WINDOWS\System32\IMM32.DLL
0x00007fffe09e0000 - 0x00007fffe0a7b000 	C:\Program Files\Java\jdk-11.0.8\bin\msvcp140.dll
0x00007fffd4100000 - 0x00007fffd4be6000 	C:\Program Files\Java\jdk-11.0.8\bin\server\jvm.dll
0x00007ff82de60000 - 0x00007ff82de68000 	C:\WINDOWS\System32\PSAPI.DLL
0x00007ff81a340000 - 0x00007ff81a349000 	C:\WINDOWS\SYSTEM32\WSOCK32.dll
0x00007ff8289c0000 - 0x00007ff8289e4000 	C:\WINDOWS\SYSTEM32\WINMM.dll
0x00007ff82ecb0000 - 0x00007ff82ed1f000 	C:\WINDOWS\System32\WS2_32.dll
0x00007ff828990000 - 0x00007ff8289bd000 	C:\WINDOWS\SYSTEM32\WINMMBASE.dll
0x00007ff82d880000 - 0x00007ff82d8ca000 	C:\WINDOWS\System32\cfgmgr32.dll
0x00007ff82c7c0000 - 0x00007ff82c7d1000 	C:\WINDOWS\System32\kernel.appcore.dll
0x00007ff80d250000 - 0x00007ff80d260000 	C:\Program Files\Java\jdk-11.0.8\bin\verify.dll
0x00007ff82b090000 - 0x00007ff82b284000 	C:\WINDOWS\SYSTEM32\DBGHELP.DLL
0x00007ff817450000 - 0x00007ff81747a000 	C:\WINDOWS\SYSTEM32\dbgcore.DLL
0x00007fffe7d70000 - 0x00007fffe7d98000 	C:\Program Files\Java\jdk-11.0.8\bin\java.dll
0x00007ff80cf20000 - 0x00007ff80cf2a000 	C:\Program Files\Java\jdk-11.0.8\bin\jimage.dll
0x00007ff80bb20000 - 0x00007ff80bb2e000 	C:\Program Files\Java\jdk-11.0.8\bin\instrument.dll
0x00007fffea530000 - 0x00007fffea546000 	C:\Program Files\Java\jdk-11.0.8\bin\zip.dll
0x00007ff82e0e0000 - 0x00007ff82e7c7000 	C:\WINDOWS\System32\SHELL32.dll
0x00007ff82e7d0000 - 0x00007ff82e879000 	C:\WINDOWS\System32\shcore.dll
0x00007ff82cb20000 - 0x00007ff82d2a1000 	C:\WINDOWS\System32\windows.storage.dll
0x00007ff82c7e0000 - 0x00007ff82c803000 	C:\WINDOWS\System32\profapi.dll
0x00007ff82c830000 - 0x00007ff82c87a000 	C:\WINDOWS\System32\powrprof.dll
0x00007ff82c7b0000 - 0x00007ff82c7c0000 	C:\WINDOWS\System32\UMPDC.dll
0x00007ff82f240000 - 0x00007ff82f292000 	C:\WINDOWS\System32\shlwapi.dll
0x00007ff82d310000 - 0x00007ff82d327000 	C:\WINDOWS\System32\cryptsp.dll
0x00007fffe9520000 - 0x00007fffe9539000 	C:\Program Files\Java\jdk-11.0.8\bin\net.dll
0x00007ff828c90000 - 0x00007ff828d80000 	C:\WINDOWS\SYSTEM32\WINHTTP.dll
0x00007ff82c000000 - 0x00007ff82c067000 	C:\WINDOWS\system32\mswsock.dll
0x00007fffe7b00000 - 0x00007fffe7b12000 	C:\Program Files\Java\jdk-11.0.8\bin\nio.dll
0x00007fffe3ec0000 - 0x00007fffe3eda000 	D:\Application\IDEA 2019\IntelliJ IDEA 2019.3.3\bin\breakgen64.dll
0x0000000010000000 - 0x0000000010070000 	C:\Program Files\Java\jdk-11.0.8\bin\sigar-amd64-winnt.dll
0x00007ff82dd00000 - 0x00007ff82de57000 	C:\WINDOWS\System32\ole32.dll
0x00007ff804970000 - 0x00007ff8049b8000 	C:\WINDOWS\SYSTEM32\pdh.dll
0x00007ff82f2c0000 - 0x00007ff82f385000 	C:\WINDOWS\System32\OLEAUT32.dll
0x00007ff819a10000 - 0x00007ff819a27000 	C:\WINDOWS\SYSTEM32\NETAPI32.dll
0x00007ff82be20000 - 0x00007ff82be2c000 	C:\WINDOWS\SYSTEM32\NETUTILS.DLL
0x00007ff813d30000 - 0x00007ff813d56000 	C:\WINDOWS\SYSTEM32\SRVCLI.DLL

dbghelp: loaded successfully - version: 4.0.5 - missing functions: none
symbol engine: initialized successfully - sym options: 0x614 - pdb path: .;C:\Program Files\Java\jdk-11.0.8\bin;C:\WINDOWS\SYSTEM32;C:\WINDOWS\WinSxS\amd64_microsoft.windows.common-controls_6595b64144ccf1df_6.0.18362.1198_none_9e820b57e45ad92f;C:\Program Files\Java\jdk-11.0.8\bin\server;D:\Application\IDEA 2019\IntelliJ IDEA 2019.3.3\bin

VM Arguments:
jvm_args: -javaagent:D:\Application\IDEA 2019\IntelliJ IDEA 2019.3.3\lib\idea_rt.jar=51357:D:\Application\IDEA 2019\IntelliJ IDEA 2019.3.3\bin -Dfile.encoding=UTF-8 
java_command: org.artofsolving.jodconverter.cli.Convert -o pdf d:/swap/Exercise4.doc d:/swap/test
java_class_path (initial): D:\Project\kkFileView\jodconverter-core\target\classes;C:\Users\Aaron\.m2\repository\commons-io\commons-io\1.4\commons-io-1.4.jar;C:\Users\Aaron\.m2\repository\org\openoffice\juh\3.2.1\juh-3.2.1.jar;C:\Users\Aaron\.m2\repository\org\openoffice\jurt\3.2.1\jurt-3.2.1.jar;C:\Users\Aaron\.m2\repository\org\openoffice\ridl\3.2.1\ridl-3.2.1.jar;C:\Users\Aaron\.m2\repository\org\openoffice\unoil\3.2.1\unoil-3.2.1.jar;C:\Users\Aaron\.m2\repository\commons-cli\commons-cli\1.1\commons-cli-1.1.jar;C:\Users\Aaron\.m2\repository\org\hyperic\sigar\1.6.5.132\sigar-1.6.5.132.jar;C:\Users\Aaron\.m2\repository\org\json\json\20090211\json-20090211.jar
Launcher Type: SUN_STANDARD

[Global flags]
     intx CICompilerCount                          = 4                                         {product} {ergonomic}
     uint ConcGCThreads                            = 2                                         {product} {ergonomic}
     uint G1ConcRefinementThreads                  = 8                                         {product} {ergonomic}
   size_t G1HeapRegionSize                         = 1048576                                   {product} {ergonomic}
    uintx GCDrainStackTargetSize                   = 64                                        {product} {ergonomic}
   size_t InitialHeapSize                          = 134217728                                 {product} {ergonomic}
   size_t MarkStackSize                            = 4194304                                   {product} {ergonomic}
   size_t MaxHeapSize                              = 2118123520                                {product} {ergonomic}
   size_t MaxNewSize                               = 1270874112                                {product} {ergonomic}
   size_t MinHeapDeltaBytes                        = 1048576                                   {product} {ergonomic}
    uintx NonNMethodCodeHeapSize                   = 5836300                                {pd product} {ergonomic}
    uintx NonProfiledCodeHeapSize                  = 122910970                              {pd product} {ergonomic}
    uintx ProfiledCodeHeapSize                     = 122910970                              {pd product} {ergonomic}
    uintx ReservedCodeCacheSize                    = 251658240                              {pd product} {ergonomic}
     bool SegmentedCodeCache                       = true                                      {product} {ergonomic}
     bool UseCompressedClassPointers               = true                                 {lp64_product} {ergonomic}
     bool UseCompressedOops                        = true                                 {lp64_product} {ergonomic}
     bool UseG1GC                                  = true                                      {product} {ergonomic}
     bool UseLargePagesIndividualAllocation        = false                                  {pd product} {ergonomic}

Logging:
Log output configuration:
 #0: stdout all=warning uptime,level,tags
 #1: stderr all=off uptime,level,tags

Environment Variables:
JAVA_HOME=C:\Program Files\Java\jdk-11.0.8
CLASSPATH=.;C:\Program Files\Java\jdk-11.0.8lib\tools.jar;C:\Program Files\Java\jdk-11.0.8lib\dt.jar;
PATH=C:\Program Files\Python38\Scripts\;C:\Program Files\Python38\;C:\Program Files\Common Files\Oracle\Java\javapath;C:\Program Files (x86)\Common Files\Oracle\Java\javapath;C:\ProgramData\Oracle\Java\javapath;C:\Program Files (x86)\Intel\Intel(R) Management Engine Components\iCLS\;C:\Program Files\Intel\Intel(R) Management Engine Components\iCLS\;C:\Windows\system32;C:\Windows;C:\Windows\System32\Wbem;C:\Windows\System32\WindowsPowerShell\v1.0\;C:\Program Files (x86)\Intel\Intel(R) Management Engine Components\DAL;C:\Program Files\Intel\Intel(R) Management Engine Components\DAL;C:\Program Files (x86)\Intel\Intel(R) Management Engine Components\IPT;C:\Program Files\Intel\Intel(R) Management Engine Components\IPT;C:\Program Files (x86)\NVIDIA Corporation\PhysX\Common;C:\Program Files\Java\jdk1.8.0_144\bin;C:\Program Files\Java\jdk1.8.0_144\jre\bin;C:\WINDOWS\system32;C:\WINDOWS;C:\WINDOWS\System32\Wbem;C:\WINDOWS\System32\WindowsPowerShell\v1.0\;C:\WINDOWS\System32\OpenSSH\;C:\Program Files\Intel\WiFi\bin\;C:\Program Files\Common Files\Intel\WirelessCommon\;C:\Program Files\TortoiseSVN\bin;d:\application\altera\quartus\bin;C:\Users\Aaron\AppData\Local\Android\Sdk\platform-tools;D:\Files\anti-compile;C:\Program Files\NVIDIA Corporation\NVIDIA NvDLISR;D:\Application\mysql-8.0.19-winx64\mysql-8.0.19-winx64;D:\Application\Git\Git\cmd;D:\Application\Matlab R 2019b\runtime\win64;D:\Application\Matlab R 2019b\bin;D:\Application\Matlab R 2019b\polyspace\bin;D:\Application\Matlab R 2019 b\runtime\win64;D:\Application\Matlab R 2019 b\bin;D:\Application\Matlab R 2019 b\polyspace\bin;C:\Program Files\Pandoc\;D:\Application\apache-maven-3.6.3\bin;C:\Program Files\PuTTY\;D:\Application\tomcat\apache-tomcat-9.0.37\lib;D:\Application\tomcat\apache-tomcat-9.0.37\bin;C:\Program Files\Java\jdk-11.0.8\bin;C:\ProgramData\chocolatey\bin;D:\Files\nodejs\;D:\Files\nodejs\global;D:\Application\phantomJS\bin;D:\Application\chromedriver\chromedriver.exe;D:\Application\Android\AndroidStudio-SDK\t
USERNAME=Aaron
OS=Windows_NT
PROCESSOR_IDENTIFIER=Intel64 Family 6 Model 142 Stepping 10, GenuineIntel



---------------  S Y S T E M  ---------------

OS: Windows 10 , 64 bit Build 18362 (10.0.18362.1110)

CPU:total 8 (initial active 8) (4 cores per cpu, 2 threads per core) family 6 model 142 stepping 10, cmov, cx8, fxsr, mmx, sse, sse2, sse3, ssse3, sse4.1, sse4.2, popcnt, avx, avx2, aes, clmul, erms, 3dnowpref, lzcnt, ht, tsc, tscinvbit, bmi1, bmi2, adx, fma

Memory: 4k page, system-wide physical 8074M (1314M free)
TotalPageFile size 15823M (AvailPageFile size 2405M)
current process WorkingSet (physical memory assigned to process): 51M, peak: 51M
current process commit charge ("private bytes"): 216M, peak: 216M

vm_info: Java HotSpot(TM) 64-Bit Server VM (11.0.8+10-LTS) for windows-amd64 JRE (11.0.8+10-LTS), built on Jun 16 2020 05:53:08 by "mach5one" with unknown MS VC++:1916

END.
